<?xml version="1.0" encoding="UTF-8"?>
<!-- Generated by org.testng.reporters.JUnitReportReporter -->
<testsuite hostname="DESKTOP-RCQNVNL" failures="0" tests="1" name="rahulshettyacademy.tests.ErrorValidationsTest" time="16.208" errors="0" timestamp="09 Mar 2025 20:55:25 GMT" skipped="0">
  <testcase classname="rahulshettyacademy.tests.ErrorValidationsTest" name="LoginErrorValidation" time="16.208"/>
</testsuite> <!-- rahulshettyacademy.tests.ErrorValidationsTest -->
